<?xml version="1.0" encoding="UTF-8"?>
<!-- Generated by org.testng.reporters.JUnitReportReporter -->
<testsuite hostname="Arekuti_Sirisha" failures="0" tests="1" name="cucumber.TestNGTestRunner" time="16.916" errors="0" timestamp="2024-10-07T14:29:23 EDT" skipped="0">
  <testcase classname="cucumber.TestNGTestRunner" name="runScenario" time="16.916"/>
</testsuite> <!-- cucumber.TestNGTestRunner -->
